<?xml version="1.0" encoding="UTF-8"?>
<testng-results ignored="0" total="1" passed="1" failed="0" skipped="0">
  <reporter-output>
  </reporter-output>
  <suite started-at="2024-09-04T18:46:15 IST" name="MasterSuite" finished-at="2024-09-04T18:46:22 IST" duration-ms="6548">
    <groups>
      <group name="Master">
        <method signature="TC001_AccounRegistrationTest.Verify_Account_Registrtion()[pri:0, instance:testCases.TC001_AccounRegistrationTest@77d2e85]" name="Verify_Account_Registrtion" class="testCases.TC001_AccounRegistrationTest"/>
      </group> <!-- Master -->
      <group name="Regression">
        <method signature="TC001_AccounRegistrationTest.Verify_Account_Registrtion()[pri:0, instance:testCases.TC001_AccounRegistrationTest@77d2e85]" name="Verify_Account_Registrtion" class="testCases.TC001_AccounRegistrationTest"/>
      </group> <!-- Regression -->
    </groups>
    <test started-at="2024-09-04T18:46:15 IST" name="Test" finished-at="2024-09-04T18:46:22 IST" duration-ms="6548">
      <class name="testCases.TC001_AccounRegistrationTest">
        <test-method is-config="true" signature="setup(java.lang.String,java.lang.String)[pri:0, instance:testCases.TC001_AccounRegistrationTest@77d2e85]" started-at="2024-09-04T18:46:15 IST" name="setup" finished-at="2024-09-04T18:46:19 IST" duration-ms="3925" status="PASS">
          <params>
            <param index="0">
              <value>
                <![CDATA[chrome]]>
              </value>
            </param>
            <param index="1">
              <value>
                <![CDATA[windows]]>
              </value>
            </param>
          </params>
          <reporter-output>
          </reporter-output>
        </test-method> <!-- setup -->
        <test-method signature="Verify_Account_Registrtion()[pri:0, instance:testCases.TC001_AccounRegistrationTest@77d2e85]" started-at="2024-09-04T18:46:19 IST" name="Verify_Account_Registrtion" finished-at="2024-09-04T18:46:21 IST" duration-ms="2202" status="PASS">
          <reporter-output>
          </reporter-output>
        </test-method> <!-- Verify_Account_Registrtion -->
        <test-method is-config="true" signature="teardown()[pri:0, instance:testCases.TC001_AccounRegistrationTest@77d2e85]" started-at="2024-09-04T18:46:22 IST" name="teardown" finished-at="2024-09-04T18:46:22 IST" duration-ms="174" status="PASS">
          <reporter-output>
          </reporter-output>
        </test-method> <!-- teardown -->
      </class> <!-- testCases.TC001_AccounRegistrationTest -->
    </test> <!-- Test -->
  </suite> <!-- MasterSuite -->
</testng-results>
