<?xml version="1.0" encoding="UTF-8"?>
<testng-results ignored="0" total="1" passed="1" failed="0" skipped="0">
  <reporter-output>
  </reporter-output>
  <suite started-at="2024-09-04T11:47:39 IST" name="MasterSuite" finished-at="2024-09-04T11:47:55 IST" duration-ms="15412">
    <groups>
      <group name="Master">
        <method signature="TC001_AccounRegistrationTest.Verify_Account_Registrtion()[pri:0, instance:testCases.TC001_AccounRegistrationTest@549621f3]" name="Verify_Account_Registrtion" class="testCases.TC001_AccounRegistrationTest"/>
      </group> <!-- Master -->
      <group name="Regression">
        <method signature="TC001_AccounRegistrationTest.Verify_Account_Registrtion()[pri:0, instance:testCases.TC001_AccounRegistrationTest@549621f3]" name="Verify_Account_Registrtion" class="testCases.TC001_AccounRegistrationTest"/>
      </group> <!-- Regression -->
    </groups>
    <test started-at="2024-09-04T11:47:39 IST" name="Linux-Chrome" finished-at="2024-09-04T11:47:55 IST" duration-ms="15412">
      <class name="testCases.TC001_AccounRegistrationTest">
        <test-method is-config="true" signature="setup(java.lang.String,java.lang.String)[pri:0, instance:testCases.TC001_AccounRegistrationTest@549621f3]" started-at="2024-09-04T11:47:40 IST" name="setup" finished-at="2024-09-04T11:47:50 IST" duration-ms="10359" status="PASS">
          <params>
            <param index="0">
              <value>
                <![CDATA[chrome]]>
              </value>
            </param>
            <param index="1">
              <value>
                <![CDATA[Linux]]>
              </value>
            </param>
          </params>
          <reporter-output>
          </reporter-output>
        </test-method> <!-- setup -->
        <test-method signature="Verify_Account_Registrtion()[pri:0, instance:testCases.TC001_AccounRegistrationTest@549621f3]" started-at="2024-09-04T11:47:50 IST" name="Verify_Account_Registrtion" finished-at="2024-09-04T11:47:54 IST" duration-ms="3744" status="PASS">
          <reporter-output>
          </reporter-output>
        </test-method> <!-- Verify_Account_Registrtion -->
        <test-method is-config="true" signature="teardown()[pri:0, instance:testCases.TC001_AccounRegistrationTest@549621f3]" started-at="2024-09-04T11:47:54 IST" name="teardown" finished-at="2024-09-04T11:47:55 IST" duration-ms="778" status="PASS">
          <reporter-output>
          </reporter-output>
        </test-method> <!-- teardown -->
      </class> <!-- testCases.TC001_AccounRegistrationTest -->
    </test> <!-- Linux-Chrome -->
  </suite> <!-- MasterSuite -->
</testng-results>
